<?xml version="1.0" encoding="UTF-8"?>
<!-- Generated by org.testng.reporters.JUnitReportReporter -->
<testsuite hostname="MSI" failures="0" tests="2" name="App2.DAVIS_Selenium_Final_TestNG_App" time="9.366" errors="0" timestamp="2025-04-26T22:17:28 EDT" skipped="0">
  <testcase classname="App2.DAVIS_Selenium_Final_TestNG_App" name="validateRegisterPage" time="5.536"/>
  <testcase classname="App2.DAVIS_Selenium_Final_TestNG_App" name="validateNewToursHomeAndLogin" time="3.830"/>
</testsuite> <!-- App2.DAVIS_Selenium_Final_TestNG_App -->
