<?xml version="1.0" encoding="UTF-8"?>
<!-- Generated by org.testng.reporters.JUnitReportReporter -->
<testsuite hostname="MSI" failures="0" tests="2" name="App2.DAVIS_Selenium_Final_TestNG_App" time="11.890" errors="0" timestamp="2025-04-25T17:47:10 EDT" skipped="0">
  <testcase classname="App2.DAVIS_Selenium_Final_TestNG_App" name="validateNewToursHomeAndLogin" time="4.761"/>
  <testcase classname="App2.DAVIS_Selenium_Final_TestNG_App" name="validateRegisterPage" time="7.129"/>
</testsuite> <!-- App2.DAVIS_Selenium_Final_TestNG_App -->
