<?xml version="1.0" encoding="UTF-8"?>
<!-- Generated by org.testng.reporters.JUnitReportReporter -->
<testsuite hostname="MSI" failures="0" tests="2"
	name="App2.DAVIS_Selenium_Final_TestNG_App" time="10.431" errors="0"
	timestamp="2025-04-20T13:31:13 EDT" skipped="0">
	<testcase classname="App2.DAVIS_Selenium_Final_TestNG_App"
		name="validateRegisterPage" time="6.608" />
	<testcase classname="App2.DAVIS_Selenium_Final_TestNG_App"
		name="validateNewToursHomeAndLogin" time="3.823" />
</testsuite> <!-- App2.DAVIS_Selenium_Final_TestNG_App -->
