<?xml version="1.0" encoding="UTF-8"?>
<!-- Generated by org.testng.reporters.JUnitReportReporter -->
<testsuite hostname="MSI" failures="0" tests="10" name="DAVIS_Selenium_Week6_TestNg_App.DAVIS_Selenium_TestNg_App" time="66.372" errors="0" timestamp="2025-04-21T02:21:02 EDT" skipped="0">
  <testcase classname="DAVIS_Selenium_Week6_TestNg_App.DAVIS_Selenium_TestNg_App" name="validateRegisterPage" time="7.200"/>
  <testcase classname="DAVIS_Selenium_Week6_TestNg_App.DAVIS_Selenium_TestNg_App" name="validateRegisterPage" time="7.574"/>
  <testcase classname="DAVIS_Selenium_Week6_TestNg_App.DAVIS_Selenium_TestNg_App" name="validateRegisterPage" time="6.851"/>
  <testcase classname="DAVIS_Selenium_Week6_TestNg_App.DAVIS_Selenium_TestNg_App" name="validateNewToursHomeAndLogin" time="5.647"/>
  <testcase classname="DAVIS_Selenium_Week6_TestNg_App.DAVIS_Selenium_TestNg_App" name="validateNewToursHomeAndLogin" time="3.945"/>
  <testcase classname="DAVIS_Selenium_Week6_TestNg_App.DAVIS_Selenium_TestNg_App" name="validateRegisterPage" time="7.423"/>
  <testcase classname="DAVIS_Selenium_Week6_TestNg_App.DAVIS_Selenium_TestNg_App" name="validateRegisterPage" time="6.700"/>
  <testcase classname="DAVIS_Selenium_Week6_TestNg_App.DAVIS_Selenium_TestNg_App" name="validateRegisterPage" time="6.893"/>
  <testcase classname="DAVIS_Selenium_Week6_TestNg_App.DAVIS_Selenium_TestNg_App" name="validateRegisterPage" time="7.226"/>
  <testcase classname="DAVIS_Selenium_Week6_TestNg_App.DAVIS_Selenium_TestNg_App" name="validateRegisterPage" time="6.913"/>
</testsuite> <!-- DAVIS_Selenium_Week6_TestNg_App.DAVIS_Selenium_TestNg_App -->
