<?xml version="1.0" encoding="UTF-8"?>
<!-- Generated by org.testng.reporters.JUnitReportReporter -->
<testsuite hostname="MSI" failures="0" tests="10" name="DAVIS_Selenium_Week6_TestNg_App.DAVIS_Selenium_TestNg_App" time="69.961" errors="0" timestamp="2025-04-25T15:57:58 EDT" skipped="0">
  <testcase classname="DAVIS_Selenium_Week6_TestNg_App.DAVIS_Selenium_TestNg_App" name="validateNewToursHomeAndLogin" time="3.819"/>
  <testcase classname="DAVIS_Selenium_Week6_TestNg_App.DAVIS_Selenium_TestNg_App" name="validateRegisterPage" time="7.749"/>
  <testcase classname="DAVIS_Selenium_Week6_TestNg_App.DAVIS_Selenium_TestNg_App" name="validateNewToursHomeAndLogin" time="3.957"/>
  <testcase classname="DAVIS_Selenium_Week6_TestNg_App.DAVIS_Selenium_TestNg_App" name="validateRegisterPage" time="7.942"/>
  <testcase classname="DAVIS_Selenium_Week6_TestNg_App.DAVIS_Selenium_TestNg_App" name="validateRegisterPage" time="7.368"/>
  <testcase classname="DAVIS_Selenium_Week6_TestNg_App.DAVIS_Selenium_TestNg_App" name="validateRegisterPage" time="7.872"/>
  <testcase classname="DAVIS_Selenium_Week6_TestNg_App.DAVIS_Selenium_TestNg_App" name="validateRegisterPage" time="7.506"/>
  <testcase classname="DAVIS_Selenium_Week6_TestNg_App.DAVIS_Selenium_TestNg_App" name="validateRegisterPage" time="7.261"/>
  <testcase classname="DAVIS_Selenium_Week6_TestNg_App.DAVIS_Selenium_TestNg_App" name="validateRegisterPage" time="9.799"/>
  <testcase classname="DAVIS_Selenium_Week6_TestNg_App.DAVIS_Selenium_TestNg_App" name="validateRegisterPage" time="6.688"/>
</testsuite> <!-- DAVIS_Selenium_Week6_TestNg_App.DAVIS_Selenium_TestNg_App -->
