<?xml version="1.0" encoding="UTF-8"?>
<!-- Generated by org.testng.reporters.JUnitReportReporter -->
<testsuite hostname="MSI" failures="0" tests="2" name="App2.DAVIS_Selenium_Final_TestNG_App" time="8.550" errors="0" timestamp="2025-04-29T08:43:11 EDT" skipped="0">
  <testcase classname="App2.DAVIS_Selenium_Final_TestNG_App" name="validateRegisterPage" time="5.167"/>
  <testcase classname="App2.DAVIS_Selenium_Final_TestNG_App" name="validateNewToursHomeAndLogin" time="3.383"/>
</testsuite> <!-- App2.DAVIS_Selenium_Final_TestNG_App -->
