<?xml version="1.0" encoding="UTF-8"?>
<!-- Generated by org.testng.reporters.JUnitReportReporter -->
<testsuite hostname="MSI" failures="0" tests="10" name="DAVIS_Selenium_Week6_TestNg_App.DAVIS_Selenium_TestNg_App" time="46.742" errors="0" timestamp="2025-04-23T11:33:46 EDT" skipped="0">
  <testcase classname="DAVIS_Selenium_Week6_TestNg_App.DAVIS_Selenium_TestNg_App" name="validateRegisterPage" time="4.850"/>
  <testcase classname="DAVIS_Selenium_Week6_TestNg_App.DAVIS_Selenium_TestNg_App" name="validateRegisterPage" time="4.879"/>
  <testcase classname="DAVIS_Selenium_Week6_TestNg_App.DAVIS_Selenium_TestNg_App" name="validateRegisterPage" time="5.587"/>
  <testcase classname="DAVIS_Selenium_Week6_TestNg_App.DAVIS_Selenium_TestNg_App" name="validateRegisterPage" time="5.180"/>
  <testcase classname="DAVIS_Selenium_Week6_TestNg_App.DAVIS_Selenium_TestNg_App" name="validateRegisterPage" time="5.013"/>
  <testcase classname="DAVIS_Selenium_Week6_TestNg_App.DAVIS_Selenium_TestNg_App" name="validateNewToursHomeAndLogin" time="2.145"/>
  <testcase classname="DAVIS_Selenium_Week6_TestNg_App.DAVIS_Selenium_TestNg_App" name="validateNewToursHomeAndLogin" time="3.325"/>
  <testcase classname="DAVIS_Selenium_Week6_TestNg_App.DAVIS_Selenium_TestNg_App" name="validateRegisterPage" time="5.079"/>
  <testcase classname="DAVIS_Selenium_Week6_TestNg_App.DAVIS_Selenium_TestNg_App" name="validateRegisterPage" time="5.759"/>
  <testcase classname="DAVIS_Selenium_Week6_TestNg_App.DAVIS_Selenium_TestNg_App" name="validateRegisterPage" time="4.925"/>
</testsuite> <!-- DAVIS_Selenium_Week6_TestNg_App.DAVIS_Selenium_TestNg_App -->
