<?xml version="1.0" encoding="UTF-8"?>
<!-- Generated by org.testng.reporters.JUnitReportReporter -->
<testsuite hostname="MSI" failures="0" tests="2" name="App2.DAVIS_Selenium_Final_TestNG_App" time="9.390" errors="0" timestamp="2025-04-22T00:34:40 EDT" skipped="0">
  <testcase classname="App2.DAVIS_Selenium_Final_TestNG_App" name="validateRegisterPage" time="6.329"/>
  <testcase classname="App2.DAVIS_Selenium_Final_TestNG_App" name="validateNewToursHomeAndLogin" time="3.061"/>
</testsuite> <!-- App2.DAVIS_Selenium_Final_TestNG_App -->
